C:\Users\VBGch\Documents\Code\IS\lab2\WebApplication\WebApplication\ClientApp\src\app\app.component.js
C:\Users\VBGch\Documents\Code\IS\lab2\WebApplication\WebApplication\ClientApp\src\app\app.component.js.map
C:\Users\VBGch\Documents\Code\IS\lab2\WebApplication\WebApplication\ClientApp\src\app\comment.js
C:\Users\VBGch\Documents\Code\IS\lab2\WebApplication\WebApplication\ClientApp\src\app\comment.js.map
C:\Users\VBGch\Documents\Code\IS\lab2\WebApplication\WebApplication\ClientApp\src\app\game.js
C:\Users\VBGch\Documents\Code\IS\lab2\WebApplication\WebApplication\ClientApp\src\app\game.js.map
C:\Users\VBGch\Documents\Code\IS\lab2\WebApplication\WebApplication\ClientApp\src\app\data.service.js
C:\Users\VBGch\Documents\Code\IS\lab2\WebApplication\WebApplication\ClientApp\src\app\data.service.js.map
C:\Users\VBGch\Documents\Code\IS\lab2\WebApplication\WebApplication\ClientApp\src\app\comment.component.js
C:\Users\VBGch\Documents\Code\IS\lab2\WebApplication\WebApplication\ClientApp\src\app\comment.component.js.map
C:\Users\VBGch\Documents\Code\IS\lab2\WebApplication\WebApplication\ClientApp\src\app\game.component.js
C:\Users\VBGch\Documents\Code\IS\lab2\WebApplication\WebApplication\ClientApp\src\app\game.component.js.map
C:\Users\VBGch\Documents\Code\IS\lab2\WebApplication\WebApplication\ClientApp\src\app\not-found.component.js
C:\Users\VBGch\Documents\Code\IS\lab2\WebApplication\WebApplication\ClientApp\src\app\not-found.component.js.map
C:\Users\VBGch\Documents\Code\IS\lab2\WebApplication\WebApplication\ClientApp\src\app\app.module.js
C:\Users\VBGch\Documents\Code\IS\lab2\WebApplication\WebApplication\ClientApp\src\app\app.module.js.map
C:\Users\VBGch\Documents\Code\IS\lab2\WebApplication\WebApplication\ClientApp\src\main.js
C:\Users\VBGch\Documents\Code\IS\lab2\WebApplication\WebApplication\ClientApp\src\main.js.map
C:\Users\VBGch\Documents\Code\IS\lab2\WebApplication\WebApplication\ClientApp\src\polyfills.js
C:\Users\VBGch\Documents\Code\IS\lab2\WebApplication\WebApplication\ClientApp\src\polyfills.js.map
